[3.316s] Invoking command in '/home/david/tinlabs_project/src/ti_es_temperature_humidity_package': DEBUGINFOD_URLS=https://debuginfod.ubuntu.com PYTHONPATH=/home/david/tinlabs_project/src/ti_es_temperature_humidity_package/build/ti_es_temperature_humidity_package/prefix_override:/usr/lib/python3/dist-packages/colcon_core/task/python/colcon_distutils_commands:/home/david/tinlabs_project/src/ti_es_temperature_humidity_package/install/ti_es_temperature_humidity_package/lib/python3.12/site-packages: /usr/bin/python3 -W ignore:setup.py install is deprecated -W ignore:easy_install command is deprecated setup.py egg_info --egg-base build/ti_es_temperature_humidity_package build --build-base /home/david/tinlabs_project/src/ti_es_temperature_humidity_package/build/ti_es_temperature_humidity_package/build install --record /home/david/tinlabs_project/src/ti_es_temperature_humidity_package/build/ti_es_temperature_humidity_package/install.log --single-version-externally-managed install_data
[4.149s] running egg_info
[4.150s] creating build/ti_es_temperature_humidity_package/ti_es_temperature_humidity_package.egg-info
[4.195s] writing build/ti_es_temperature_humidity_package/ti_es_temperature_humidity_package.egg-info/PKG-INFO
[4.196s] writing dependency_links to build/ti_es_temperature_humidity_package/ti_es_temperature_humidity_package.egg-info/dependency_links.txt
[4.197s] writing entry points to build/ti_es_temperature_humidity_package/ti_es_temperature_humidity_package.egg-info/entry_points.txt
[4.198s] writing requirements to build/ti_es_temperature_humidity_package/ti_es_temperature_humidity_package.egg-info/requires.txt
[4.198s] writing top-level names to build/ti_es_temperature_humidity_package/ti_es_temperature_humidity_package.egg-info/top_level.txt
[4.199s] writing manifest file 'build/ti_es_temperature_humidity_package/ti_es_temperature_humidity_package.egg-info/SOURCES.txt'
[4.296s] reading manifest file 'build/ti_es_temperature_humidity_package/ti_es_temperature_humidity_package.egg-info/SOURCES.txt'
[4.297s] adding license file 'LICENSE'
[4.299s] writing manifest file 'build/ti_es_temperature_humidity_package/ti_es_temperature_humidity_package.egg-info/SOURCES.txt'
[4.300s] running build
[4.300s] running build_py
[4.301s] creating /home/david/tinlabs_project/src/ti_es_temperature_humidity_package/build/ti_es_temperature_humidity_package/build
[4.301s] creating /home/david/tinlabs_project/src/ti_es_temperature_humidity_package/build/ti_es_temperature_humidity_package/build/lib
[4.302s] creating /home/david/tinlabs_project/src/ti_es_temperature_humidity_package/build/ti_es_temperature_humidity_package/build/lib/ti_es_temperature_humidity_package
[4.302s] copying ti_es_temperature_humidity_package/ti_es_temperature_humidity_node.py -> /home/david/tinlabs_project/src/ti_es_temperature_humidity_package/build/ti_es_temperature_humidity_package/build/lib/ti_es_temperature_humidity_package
[4.303s] copying ti_es_temperature_humidity_package/__init__.py -> /home/david/tinlabs_project/src/ti_es_temperature_humidity_package/build/ti_es_temperature_humidity_package/build/lib/ti_es_temperature_humidity_package
[4.304s] running install
[4.326s] running install_lib
[4.374s] creating /home/david/tinlabs_project/src/ti_es_temperature_humidity_package/install/ti_es_temperature_humidity_package/lib/python3.12/site-packages/ti_es_temperature_humidity_package
[4.375s] copying /home/david/tinlabs_project/src/ti_es_temperature_humidity_package/build/ti_es_temperature_humidity_package/build/lib/ti_es_temperature_humidity_package/ti_es_temperature_humidity_node.py -> /home/david/tinlabs_project/src/ti_es_temperature_humidity_package/install/ti_es_temperature_humidity_package/lib/python3.12/site-packages/ti_es_temperature_humidity_package
[4.376s] copying /home/david/tinlabs_project/src/ti_es_temperature_humidity_package/build/ti_es_temperature_humidity_package/build/lib/ti_es_temperature_humidity_package/__init__.py -> /home/david/tinlabs_project/src/ti_es_temperature_humidity_package/install/ti_es_temperature_humidity_package/lib/python3.12/site-packages/ti_es_temperature_humidity_package
[4.378s] byte-compiling /home/david/tinlabs_project/src/ti_es_temperature_humidity_package/install/ti_es_temperature_humidity_package/lib/python3.12/site-packages/ti_es_temperature_humidity_package/ti_es_temperature_humidity_node.py to ti_es_temperature_humidity_node.cpython-312.pyc
[4.382s] byte-compiling /home/david/tinlabs_project/src/ti_es_temperature_humidity_package/install/ti_es_temperature_humidity_package/lib/python3.12/site-packages/ti_es_temperature_humidity_package/__init__.py to __init__.cpython-312.pyc
[4.383s] running install_data
[4.384s] creating /home/david/tinlabs_project/src/ti_es_temperature_humidity_package/install/ti_es_temperature_humidity_package/share/ament_index
[4.385s] creating /home/david/tinlabs_project/src/ti_es_temperature_humidity_package/install/ti_es_temperature_humidity_package/share/ament_index/resource_index
[4.385s] creating /home/david/tinlabs_project/src/ti_es_temperature_humidity_package/install/ti_es_temperature_humidity_package/share/ament_index/resource_index/packages
[4.386s] copying resource/ti_es_temperature_humidity_package -> /home/david/tinlabs_project/src/ti_es_temperature_humidity_package/install/ti_es_temperature_humidity_package/share/ament_index/resource_index/packages
[4.386s] copying package.xml -> /home/david/tinlabs_project/src/ti_es_temperature_humidity_package/install/ti_es_temperature_humidity_package/share/ti_es_temperature_humidity_package
[4.387s] running install_egg_info
[4.439s] Copying build/ti_es_temperature_humidity_package/ti_es_temperature_humidity_package.egg-info to /home/david/tinlabs_project/src/ti_es_temperature_humidity_package/install/ti_es_temperature_humidity_package/lib/python3.12/site-packages/ti_es_temperature_humidity_package-0.0.0-py3.12.egg-info
[4.445s] running install_scripts
[4.854s] Installing ti_es_temperature_humidity_node script to /home/david/tinlabs_project/src/ti_es_temperature_humidity_package/install/ti_es_temperature_humidity_package/lib/ti_es_temperature_humidity_package
[4.855s] writing list of installed files to '/home/david/tinlabs_project/src/ti_es_temperature_humidity_package/build/ti_es_temperature_humidity_package/install.log'
[4.991s] Invoked command in '/home/david/tinlabs_project/src/ti_es_temperature_humidity_package' returned '0': DEBUGINFOD_URLS=https://debuginfod.ubuntu.com PYTHONPATH=/home/david/tinlabs_project/src/ti_es_temperature_humidity_package/build/ti_es_temperature_humidity_package/prefix_override:/usr/lib/python3/dist-packages/colcon_core/task/python/colcon_distutils_commands:/home/david/tinlabs_project/src/ti_es_temperature_humidity_package/install/ti_es_temperature_humidity_package/lib/python3.12/site-packages: /usr/bin/python3 -W ignore:setup.py install is deprecated -W ignore:easy_install command is deprecated setup.py egg_info --egg-base build/ti_es_temperature_humidity_package build --build-base /home/david/tinlabs_project/src/ti_es_temperature_humidity_package/build/ti_es_temperature_humidity_package/build install --record /home/david/tinlabs_project/src/ti_es_temperature_humidity_package/build/ti_es_temperature_humidity_package/install.log --single-version-externally-managed install_data
