[3.514s] Invoking command in '/home/david/tinlabs_project/src/ti_es_temperature_humidity_package': DEBUGINFOD_URLS=https://debuginfod.ubuntu.com PYTHONPATH=/home/david/tinlabs_project/src/ti_es_temperature_humidity_package/build/ti_es_temperature_humidity_package/prefix_override:/usr/lib/python3/dist-packages/colcon_core/task/python/colcon_distutils_commands:/home/david/tinlabs_project/src/ti_es_temperature_humidity_package/install/ti_es_temperature_humidity_package/lib/python3.12/site-packages:${PYTHONPATH} /usr/bin/python3 -W ignore:setup.py install is deprecated -W ignore:easy_install command is deprecated setup.py egg_info --egg-base build/ti_es_temperature_humidity_package build --build-base /home/david/tinlabs_project/src/ti_es_temperature_humidity_package/build/ti_es_temperature_humidity_package/build install --record /home/david/tinlabs_project/src/ti_es_temperature_humidity_package/build/ti_es_temperature_humidity_package/install.log --single-version-externally-managed install_data
[4.639s] running egg_info
[4.721s] writing build/ti_es_temperature_humidity_package/ti_es_temperature_humidity_package.egg-info/PKG-INFO
[4.722s] writing dependency_links to build/ti_es_temperature_humidity_package/ti_es_temperature_humidity_package.egg-info/dependency_links.txt
[4.723s] writing entry points to build/ti_es_temperature_humidity_package/ti_es_temperature_humidity_package.egg-info/entry_points.txt
[4.724s] writing requirements to build/ti_es_temperature_humidity_package/ti_es_temperature_humidity_package.egg-info/requires.txt
[4.724s] writing top-level names to build/ti_es_temperature_humidity_package/ti_es_temperature_humidity_package.egg-info/top_level.txt
[4.893s] reading manifest file 'build/ti_es_temperature_humidity_package/ti_es_temperature_humidity_package.egg-info/SOURCES.txt'
[4.895s] adding license file 'LICENSE'
[4.897s] writing manifest file 'build/ti_es_temperature_humidity_package/ti_es_temperature_humidity_package.egg-info/SOURCES.txt'
[4.898s] running build
[4.899s] running build_py
[4.900s] copying ti_es_temperature_humidity_package/ti_es_temperature_humidity_node.py -> /home/david/tinlabs_project/src/ti_es_temperature_humidity_package/build/ti_es_temperature_humidity_package/build/lib/ti_es_temperature_humidity_package
[4.901s] running install
[4.923s] running install_lib
[5.016s] copying /home/david/tinlabs_project/src/ti_es_temperature_humidity_package/build/ti_es_temperature_humidity_package/build/lib/ti_es_temperature_humidity_package/ti_es_temperature_humidity_node.py -> /home/david/tinlabs_project/src/ti_es_temperature_humidity_package/install/ti_es_temperature_humidity_package/lib/python3.12/site-packages/ti_es_temperature_humidity_package
[5.019s] byte-compiling /home/david/tinlabs_project/src/ti_es_temperature_humidity_package/install/ti_es_temperature_humidity_package/lib/python3.12/site-packages/ti_es_temperature_humidity_package/ti_es_temperature_humidity_node.py to ti_es_temperature_humidity_node.cpython-312.pyc
[5.020s]   File "/home/david/tinlabs_project/src/ti_es_temperature_humidity_package/install/ti_es_temperature_humidity_package/lib/python3.12/site-packages/ti_es_temperature_humidity_package/ti_es_temperature_humidity_node.py", line 1
[5.021s]     from smbus
[5.021s]               ^
[5.022s] SyntaxError: invalid syntax
[5.022s] 
[5.022s] running install_data
[5.023s] running install_egg_info
[5.110s] removing '/home/david/tinlabs_project/src/ti_es_temperature_humidity_package/install/ti_es_temperature_humidity_package/lib/python3.12/site-packages/ti_es_temperature_humidity_package-0.0.0-py3.12.egg-info' (and everything under it)
[5.112s] Copying build/ti_es_temperature_humidity_package/ti_es_temperature_humidity_package.egg-info to /home/david/tinlabs_project/src/ti_es_temperature_humidity_package/install/ti_es_temperature_humidity_package/lib/python3.12/site-packages/ti_es_temperature_humidity_package-0.0.0-py3.12.egg-info
[5.117s] running install_scripts
[5.733s] Installing ti_es_temperature_humidity_node script to /home/david/tinlabs_project/src/ti_es_temperature_humidity_package/install/ti_es_temperature_humidity_package/lib/ti_es_temperature_humidity_package
[5.734s] writing list of installed files to '/home/david/tinlabs_project/src/ti_es_temperature_humidity_package/build/ti_es_temperature_humidity_package/install.log'
[5.876s] Invoked command in '/home/david/tinlabs_project/src/ti_es_temperature_humidity_package' returned '0': DEBUGINFOD_URLS=https://debuginfod.ubuntu.com PYTHONPATH=/home/david/tinlabs_project/src/ti_es_temperature_humidity_package/build/ti_es_temperature_humidity_package/prefix_override:/usr/lib/python3/dist-packages/colcon_core/task/python/colcon_distutils_commands:/home/david/tinlabs_project/src/ti_es_temperature_humidity_package/install/ti_es_temperature_humidity_package/lib/python3.12/site-packages:${PYTHONPATH} /usr/bin/python3 -W ignore:setup.py install is deprecated -W ignore:easy_install command is deprecated setup.py egg_info --egg-base build/ti_es_temperature_humidity_package build --build-base /home/david/tinlabs_project/src/ti_es_temperature_humidity_package/build/ti_es_temperature_humidity_package/build install --record /home/david/tinlabs_project/src/ti_es_temperature_humidity_package/build/ti_es_temperature_humidity_package/install.log --single-version-externally-managed install_data
