[3.605s] Invoking command in '/home/david/tinlabs_project/src/ti_es_temperature_humidity_package': DEBUGINFOD_URLS=https://debuginfod.ubuntu.com PYTHONPATH=/home/david/tinlabs_project/src/ti_es_temperature_humidity_package/build/ti_es_temperature_humidity_package/prefix_override:/usr/lib/python3/dist-packages/colcon_core/task/python/colcon_distutils_commands:/home/david/tinlabs_project/src/ti_es_temperature_humidity_package/install/ti_es_temperature_humidity_package/lib/python3.12/site-packages:${PYTHONPATH} /usr/bin/python3 -W ignore:setup.py install is deprecated -W ignore:easy_install command is deprecated setup.py egg_info --egg-base build/ti_es_temperature_humidity_package build --build-base /home/david/tinlabs_project/src/ti_es_temperature_humidity_package/build/ti_es_temperature_humidity_package/build install --record /home/david/tinlabs_project/src/ti_es_temperature_humidity_package/build/ti_es_temperature_humidity_package/install.log --single-version-externally-managed install_data
[4.734s] running egg_info
[4.816s] writing build/ti_es_temperature_humidity_package/ti_es_temperature_humidity_package.egg-info/PKG-INFO
[4.817s] writing dependency_links to build/ti_es_temperature_humidity_package/ti_es_temperature_humidity_package.egg-info/dependency_links.txt
[4.863s] writing entry points to build/ti_es_temperature_humidity_package/ti_es_temperature_humidity_package.egg-info/entry_points.txt
[4.876s] writing requirements to build/ti_es_temperature_humidity_package/ti_es_temperature_humidity_package.egg-info/requires.txt
[4.878s] writing top-level names to build/ti_es_temperature_humidity_package/ti_es_temperature_humidity_package.egg-info/top_level.txt
[5.053s] reading manifest file 'build/ti_es_temperature_humidity_package/ti_es_temperature_humidity_package.egg-info/SOURCES.txt'
[5.054s] adding license file 'LICENSE'
[5.057s] writing manifest file 'build/ti_es_temperature_humidity_package/ti_es_temperature_humidity_package.egg-info/SOURCES.txt'
[5.058s] running build
[5.058s] running build_py
[5.059s] copying ti_es_temperature_humidity_package/ti_es_temperature_humidity_node.py -> /home/david/tinlabs_project/src/ti_es_temperature_humidity_package/build/ti_es_temperature_humidity_package/build/lib/ti_es_temperature_humidity_package
[5.060s] running install
[5.083s] running install_lib
[5.168s] copying /home/david/tinlabs_project/src/ti_es_temperature_humidity_package/build/ti_es_temperature_humidity_package/build/lib/ti_es_temperature_humidity_package/ti_es_temperature_humidity_node.py -> /home/david/tinlabs_project/src/ti_es_temperature_humidity_package/install/ti_es_temperature_humidity_package/lib/python3.12/site-packages/ti_es_temperature_humidity_package
[5.171s] byte-compiling /home/david/tinlabs_project/src/ti_es_temperature_humidity_package/install/ti_es_temperature_humidity_package/lib/python3.12/site-packages/ti_es_temperature_humidity_package/ti_es_temperature_humidity_node.py to ti_es_temperature_humidity_node.cpython-312.pyc
[5.175s] running install_data
[5.176s] running install_egg_info
[5.264s] removing '/home/david/tinlabs_project/src/ti_es_temperature_humidity_package/install/ti_es_temperature_humidity_package/lib/python3.12/site-packages/ti_es_temperature_humidity_package-0.0.0-py3.12.egg-info' (and everything under it)
[5.266s] Copying build/ti_es_temperature_humidity_package/ti_es_temperature_humidity_package.egg-info to /home/david/tinlabs_project/src/ti_es_temperature_humidity_package/install/ti_es_temperature_humidity_package/lib/python3.12/site-packages/ti_es_temperature_humidity_package-0.0.0-py3.12.egg-info
[5.272s] running install_scripts
[5.885s] Installing ti_es_temperature_humidity_node script to /home/david/tinlabs_project/src/ti_es_temperature_humidity_package/install/ti_es_temperature_humidity_package/lib/ti_es_temperature_humidity_package
[5.886s] writing list of installed files to '/home/david/tinlabs_project/src/ti_es_temperature_humidity_package/build/ti_es_temperature_humidity_package/install.log'
[6.028s] Invoked command in '/home/david/tinlabs_project/src/ti_es_temperature_humidity_package' returned '0': DEBUGINFOD_URLS=https://debuginfod.ubuntu.com PYTHONPATH=/home/david/tinlabs_project/src/ti_es_temperature_humidity_package/build/ti_es_temperature_humidity_package/prefix_override:/usr/lib/python3/dist-packages/colcon_core/task/python/colcon_distutils_commands:/home/david/tinlabs_project/src/ti_es_temperature_humidity_package/install/ti_es_temperature_humidity_package/lib/python3.12/site-packages:${PYTHONPATH} /usr/bin/python3 -W ignore:setup.py install is deprecated -W ignore:easy_install command is deprecated setup.py egg_info --egg-base build/ti_es_temperature_humidity_package build --build-base /home/david/tinlabs_project/src/ti_es_temperature_humidity_package/build/ti_es_temperature_humidity_package/build install --record /home/david/tinlabs_project/src/ti_es_temperature_humidity_package/build/ti_es_temperature_humidity_package/install.log --single-version-externally-managed install_data
