[0.477s] DEBUG:colcon:Command line arguments: ['/usr/bin/colcon', 'build']
[0.478s] DEBUG:colcon:Parsed command line arguments: Namespace(log_base=None, log_level=None, verb_name='build', build_base='build', install_base='install', merge_install=False, symlink_install=False, test_result_base=None, continue_on_error=False, executor='parallel', parallel_workers=4, event_handlers=None, ignore_user_meta=False, metas=['./colcon.meta'], base_paths=['.'], packages_ignore=None, packages_ignore_regex=None, paths=None, packages_up_to=None, packages_up_to_regex=None, packages_above=None, packages_above_and_dependencies=None, packages_above_depth=None, packages_select_by_dep=None, packages_skip_by_dep=None, packages_skip_up_to=None, packages_select_build_failed=False, packages_skip_build_finished=False, packages_select_test_failures=False, packages_skip_test_passed=False, packages_select=None, packages_skip=None, packages_select_regex=None, packages_skip_regex=None, packages_start=None, packages_end=None, allow_overriding=[], cmake_args=None, cmake_target=None, cmake_target_skip_unavailable=False, cmake_clean_cache=False, cmake_clean_first=False, cmake_force_configure=False, ament_cmake_args=None, catkin_cmake_args=None, catkin_skip_building_tests=False, mixin_files=None, mixin=None, verb_parser=<colcon_mixin.mixin.mixin_argument.MixinArgumentDecorator object at 0xffff8eec2990>, verb_extension=<colcon_core.verb.build.BuildVerb object at 0xffff8eec26f0>, main=<bound method BuildVerb.main of <colcon_core.verb.build.BuildVerb object at 0xffff8eec26f0>>, mixin_verb=('build',))
[0.752s] Level 1:colcon.colcon_core.package_discovery:discover_packages(colcon_meta) check parameters
[0.753s] Level 1:colcon.colcon_core.package_discovery:discover_packages(recursive) check parameters
[0.753s] Level 1:colcon.colcon_core.package_discovery:discover_packages(ignore) check parameters
[0.753s] Level 1:colcon.colcon_core.package_discovery:discover_packages(path) check parameters
[0.753s] Level 1:colcon.colcon_core.package_discovery:discover_packages(colcon_meta) discover
[0.753s] Level 1:colcon.colcon_core.package_discovery:discover_packages(recursive) discover
[0.754s] INFO:colcon.colcon_core.package_discovery:Crawling recursively for packages in '/home/david/tinlabs_project/src/ti_es_temperature_humidity_package'
[0.754s] Level 1:colcon.colcon_core.package_identification:_identify(.) by extensions ['ignore', 'ignore_ament_install']
[0.755s] Level 1:colcon.colcon_core.package_identification:_identify(.) by extension 'ignore'
[0.755s] Level 1:colcon.colcon_core.package_identification:_identify(.) by extension 'ignore_ament_install'
[0.755s] Level 1:colcon.colcon_core.package_identification:_identify(.) by extensions ['colcon_pkg']
[0.755s] Level 1:colcon.colcon_core.package_identification:_identify(.) by extension 'colcon_pkg'
[0.755s] Level 1:colcon.colcon_core.package_identification:_identify(.) by extensions ['colcon_meta']
[0.756s] Level 1:colcon.colcon_core.package_identification:_identify(.) by extension 'colcon_meta'
[0.756s] Level 1:colcon.colcon_core.package_identification:_identify(.) by extensions ['ros']
[0.756s] Level 1:colcon.colcon_core.package_identification:_identify(.) by extension 'ros'
[0.902s] DEBUG:colcon.colcon_core.package_identification:Package '.' with type 'ros.ament_python' and name 'ti_es_temperature_humidity_package'
[0.902s] Level 1:colcon.colcon_core.package_discovery:discover_packages(recursive) using defaults
[0.903s] Level 1:colcon.colcon_core.package_discovery:discover_packages(ignore) discover
[0.903s] Level 1:colcon.colcon_core.package_discovery:discover_packages(ignore) using defaults
[0.903s] Level 1:colcon.colcon_core.package_discovery:discover_packages(path) discover
[0.903s] Level 1:colcon.colcon_core.package_discovery:discover_packages(path) using defaults
[1.006s] Level 1:colcon.colcon_core.package_discovery:discover_packages(prefix_path) check parameters
[1.006s] Level 1:colcon.colcon_core.package_discovery:discover_packages(prefix_path) discover
[1.014s] Level 1:colcon.colcon_core.package_discovery:discover_packages(prefix_path) using defaults
[1.020s] Level 5:colcon.colcon_core.verb:set package 'ti_es_temperature_humidity_package' build argument 'cmake_args' from command line to 'None'
[1.020s] Level 5:colcon.colcon_core.verb:set package 'ti_es_temperature_humidity_package' build argument 'cmake_target' from command line to 'None'
[1.021s] Level 5:colcon.colcon_core.verb:set package 'ti_es_temperature_humidity_package' build argument 'cmake_target_skip_unavailable' from command line to 'False'
[1.021s] Level 5:colcon.colcon_core.verb:set package 'ti_es_temperature_humidity_package' build argument 'cmake_clean_cache' from command line to 'False'
[1.021s] Level 5:colcon.colcon_core.verb:set package 'ti_es_temperature_humidity_package' build argument 'cmake_clean_first' from command line to 'False'
[1.021s] Level 5:colcon.colcon_core.verb:set package 'ti_es_temperature_humidity_package' build argument 'cmake_force_configure' from command line to 'False'
[1.021s] Level 5:colcon.colcon_core.verb:set package 'ti_es_temperature_humidity_package' build argument 'ament_cmake_args' from command line to 'None'
[1.021s] Level 5:colcon.colcon_core.verb:set package 'ti_es_temperature_humidity_package' build argument 'catkin_cmake_args' from command line to 'None'
[1.021s] Level 5:colcon.colcon_core.verb:set package 'ti_es_temperature_humidity_package' build argument 'catkin_skip_building_tests' from command line to 'False'
[1.021s] DEBUG:colcon.colcon_core.verb:Building package 'ti_es_temperature_humidity_package' with the following arguments: {'ament_cmake_args': None, 'build_base': '/home/david/tinlabs_project/src/ti_es_temperature_humidity_package/build/ti_es_temperature_humidity_package', 'catkin_cmake_args': None, 'catkin_skip_building_tests': False, 'cmake_args': None, 'cmake_clean_cache': False, 'cmake_clean_first': False, 'cmake_force_configure': False, 'cmake_target': None, 'cmake_target_skip_unavailable': False, 'install_base': '/home/david/tinlabs_project/src/ti_es_temperature_humidity_package/install/ti_es_temperature_humidity_package', 'merge_install': False, 'path': '/home/david/tinlabs_project/src/ti_es_temperature_humidity_package', 'symlink_install': False, 'test_result_base': None}
[1.022s] INFO:colcon.colcon_core.executor:Executing jobs using 'parallel' executor
[1.026s] DEBUG:colcon.colcon_parallel_executor.executor.parallel:run_until_complete
[1.027s] INFO:colcon.colcon_ros.task.ament_python.build:Building ROS package in '/home/david/tinlabs_project/src/ti_es_temperature_humidity_package' with build type 'ament_python'
[1.027s] Level 1:colcon.colcon_core.shell:create_environment_hook('ti_es_temperature_humidity_package', 'ament_prefix_path')
[1.045s] INFO:colcon.colcon_core.plugin_system:Skipping extension 'colcon_core.shell.bat': Not used on non-Windows systems
[1.046s] INFO:colcon.colcon_core.shell:Creating environment hook '/home/david/tinlabs_project/src/ti_es_temperature_humidity_package/install/ti_es_temperature_humidity_package/share/ti_es_temperature_humidity_package/hook/ament_prefix_path.ps1'
[1.050s] INFO:colcon.colcon_core.shell:Creating environment descriptor '/home/david/tinlabs_project/src/ti_es_temperature_humidity_package/install/ti_es_temperature_humidity_package/share/ti_es_temperature_humidity_package/hook/ament_prefix_path.dsv'
[1.053s] INFO:colcon.colcon_core.shell:Creating environment hook '/home/david/tinlabs_project/src/ti_es_temperature_humidity_package/install/ti_es_temperature_humidity_package/share/ti_es_temperature_humidity_package/hook/ament_prefix_path.sh'
[1.056s] INFO:colcon.colcon_core.shell:Skip shell extension 'powershell' for command environment: Not usable outside of PowerShell
[1.057s] DEBUG:colcon.colcon_core.shell:Skip shell extension 'dsv' for command environment
[1.814s] INFO:colcon.colcon_core.task.python.build:Building Python package in '/home/david/tinlabs_project/src/ti_es_temperature_humidity_package'
[1.814s] INFO:colcon.colcon_core.shell:Skip shell extension 'powershell' for command environment: Not usable outside of PowerShell
[1.815s] DEBUG:colcon.colcon_core.shell:Skip shell extension 'dsv' for command environment
[4.344s] DEBUG:colcon.colcon_core.event_handler.log_command:Invoking command in '/home/david/tinlabs_project/src/ti_es_temperature_humidity_package': DEBUGINFOD_URLS=https://debuginfod.ubuntu.com PYTHONPATH=/home/david/tinlabs_project/src/ti_es_temperature_humidity_package/build/ti_es_temperature_humidity_package/prefix_override:/usr/lib/python3/dist-packages/colcon_core/task/python/colcon_distutils_commands:/home/david/tinlabs_project/src/ti_es_temperature_humidity_package/install/ti_es_temperature_humidity_package/lib/python3.12/site-packages: /usr/bin/python3 -W ignore:setup.py install is deprecated -W ignore:easy_install command is deprecated setup.py egg_info --egg-base build/ti_es_temperature_humidity_package build --build-base /home/david/tinlabs_project/src/ti_es_temperature_humidity_package/build/ti_es_temperature_humidity_package/build install --record /home/david/tinlabs_project/src/ti_es_temperature_humidity_package/build/ti_es_temperature_humidity_package/install.log --single-version-externally-managed install_data
[6.018s] DEBUG:colcon.colcon_core.event_handler.log_command:Invoked command in '/home/david/tinlabs_project/src/ti_es_temperature_humidity_package' returned '0': DEBUGINFOD_URLS=https://debuginfod.ubuntu.com PYTHONPATH=/home/david/tinlabs_project/src/ti_es_temperature_humidity_package/build/ti_es_temperature_humidity_package/prefix_override:/usr/lib/python3/dist-packages/colcon_core/task/python/colcon_distutils_commands:/home/david/tinlabs_project/src/ti_es_temperature_humidity_package/install/ti_es_temperature_humidity_package/lib/python3.12/site-packages: /usr/bin/python3 -W ignore:setup.py install is deprecated -W ignore:easy_install command is deprecated setup.py egg_info --egg-base build/ti_es_temperature_humidity_package build --build-base /home/david/tinlabs_project/src/ti_es_temperature_humidity_package/build/ti_es_temperature_humidity_package/build install --record /home/david/tinlabs_project/src/ti_es_temperature_humidity_package/build/ti_es_temperature_humidity_package/install.log --single-version-externally-managed install_data
[6.039s] Level 1:colcon.colcon_core.environment:checking '/home/david/tinlabs_project/src/ti_es_temperature_humidity_package/install/ti_es_temperature_humidity_package' for CMake module files
[6.042s] Level 1:colcon.colcon_core.environment:checking '/home/david/tinlabs_project/src/ti_es_temperature_humidity_package/install/ti_es_temperature_humidity_package' for CMake config files
[6.046s] Level 1:colcon.colcon_core.environment:checking '/home/david/tinlabs_project/src/ti_es_temperature_humidity_package/install/ti_es_temperature_humidity_package/lib'
[6.046s] Level 1:colcon.colcon_core.environment:checking '/home/david/tinlabs_project/src/ti_es_temperature_humidity_package/install/ti_es_temperature_humidity_package/bin'
[6.047s] Level 1:colcon.colcon_core.environment:checking '/home/david/tinlabs_project/src/ti_es_temperature_humidity_package/install/ti_es_temperature_humidity_package/lib/pkgconfig/ti_es_temperature_humidity_package.pc'
[6.048s] Level 1:colcon.colcon_core.environment:checking '/home/david/tinlabs_project/src/ti_es_temperature_humidity_package/install/ti_es_temperature_humidity_package/lib/python3.12/site-packages'
[6.049s] Level 1:colcon.colcon_core.shell:create_environment_hook('ti_es_temperature_humidity_package', 'pythonpath')
[6.049s] INFO:colcon.colcon_core.shell:Creating environment hook '/home/david/tinlabs_project/src/ti_es_temperature_humidity_package/install/ti_es_temperature_humidity_package/share/ti_es_temperature_humidity_package/hook/pythonpath.ps1'
[6.051s] INFO:colcon.colcon_core.shell:Creating environment descriptor '/home/david/tinlabs_project/src/ti_es_temperature_humidity_package/install/ti_es_temperature_humidity_package/share/ti_es_temperature_humidity_package/hook/pythonpath.dsv'
[6.053s] INFO:colcon.colcon_core.shell:Creating environment hook '/home/david/tinlabs_project/src/ti_es_temperature_humidity_package/install/ti_es_temperature_humidity_package/share/ti_es_temperature_humidity_package/hook/pythonpath.sh'
[6.055s] Level 1:colcon.colcon_core.environment:checking '/home/david/tinlabs_project/src/ti_es_temperature_humidity_package/install/ti_es_temperature_humidity_package/bin'
[6.055s] Level 1:colcon.colcon_core.environment:create_environment_scripts_only(ti_es_temperature_humidity_package)
[6.056s] INFO:colcon.colcon_core.shell:Creating package script '/home/david/tinlabs_project/src/ti_es_temperature_humidity_package/install/ti_es_temperature_humidity_package/share/ti_es_temperature_humidity_package/package.ps1'
[6.060s] INFO:colcon.colcon_core.shell:Creating package descriptor '/home/david/tinlabs_project/src/ti_es_temperature_humidity_package/install/ti_es_temperature_humidity_package/share/ti_es_temperature_humidity_package/package.dsv'
[6.062s] INFO:colcon.colcon_core.shell:Creating package script '/home/david/tinlabs_project/src/ti_es_temperature_humidity_package/install/ti_es_temperature_humidity_package/share/ti_es_temperature_humidity_package/package.sh'
[6.066s] INFO:colcon.colcon_core.shell:Creating package script '/home/david/tinlabs_project/src/ti_es_temperature_humidity_package/install/ti_es_temperature_humidity_package/share/ti_es_temperature_humidity_package/package.bash'
[6.070s] INFO:colcon.colcon_core.shell:Creating package script '/home/david/tinlabs_project/src/ti_es_temperature_humidity_package/install/ti_es_temperature_humidity_package/share/ti_es_temperature_humidity_package/package.zsh'
[6.073s] Level 1:colcon.colcon_core.environment:create_file_with_runtime_dependencies(/home/david/tinlabs_project/src/ti_es_temperature_humidity_package/install/ti_es_temperature_humidity_package/share/colcon-core/packages/ti_es_temperature_humidity_package)
[6.075s] DEBUG:colcon.colcon_parallel_executor.executor.parallel:closing loop
[6.076s] DEBUG:colcon.colcon_parallel_executor.executor.parallel:loop closed
[6.077s] DEBUG:colcon.colcon_parallel_executor.executor.parallel:run_until_complete finished with '0'
[6.077s] DEBUG:colcon.colcon_core.event_reactor:joining thread
[6.102s] INFO:colcon.colcon_core.plugin_system:Skipping extension 'colcon_notification.desktop_notification.terminal_notifier': Not used on non-Darwin systems
[6.102s] INFO:colcon.colcon_core.plugin_system:Skipping extension 'colcon_notification.desktop_notification.win32': Not used on non-Windows systems
[6.102s] INFO:colcon.colcon_notification.desktop_notification:Sending desktop notification using 'notify2'
[6.107s] DEBUG:colcon.colcon_notification.desktop_notification.notify2:Failed to initialize notify2: org.freedesktop.DBus.Error.ServiceUnknown: The name org.freedesktop.Notifications was not provided by any .service files
[6.108s] DEBUG:colcon.colcon_core.event_reactor:joined thread
[6.108s] INFO:colcon.colcon_core.shell:Creating prefix script '/home/david/tinlabs_project/src/ti_es_temperature_humidity_package/install/local_setup.ps1'
[6.112s] INFO:colcon.colcon_core.shell:Creating prefix util module '/home/david/tinlabs_project/src/ti_es_temperature_humidity_package/install/_local_setup_util_ps1.py'
[6.118s] INFO:colcon.colcon_core.shell:Creating prefix chain script '/home/david/tinlabs_project/src/ti_es_temperature_humidity_package/install/setup.ps1'
[6.122s] INFO:colcon.colcon_core.shell:Creating prefix script '/home/david/tinlabs_project/src/ti_es_temperature_humidity_package/install/local_setup.sh'
[6.125s] INFO:colcon.colcon_core.shell:Creating prefix util module '/home/david/tinlabs_project/src/ti_es_temperature_humidity_package/install/_local_setup_util_sh.py'
[6.127s] INFO:colcon.colcon_core.shell:Creating prefix chain script '/home/david/tinlabs_project/src/ti_es_temperature_humidity_package/install/setup.sh'
[6.131s] INFO:colcon.colcon_core.shell:Creating prefix script '/home/david/tinlabs_project/src/ti_es_temperature_humidity_package/install/local_setup.bash'
[6.134s] INFO:colcon.colcon_core.shell:Creating prefix chain script '/home/david/tinlabs_project/src/ti_es_temperature_humidity_package/install/setup.bash'
[6.137s] INFO:colcon.colcon_core.shell:Creating prefix script '/home/david/tinlabs_project/src/ti_es_temperature_humidity_package/install/local_setup.zsh'
[6.139s] INFO:colcon.colcon_core.shell:Creating prefix chain script '/home/david/tinlabs_project/src/ti_es_temperature_humidity_package/install/setup.zsh'
